<?xml version="1.0" encoding="UTF-8"?>
<!-- Generated by org.testng.reporters.JUnitReportReporter -->
<testsuite hostname="NZAKLLP40" failures="0" tests="3" name="testCases.BroadbandMapTestCases" time="54.974" errors="0" timestamp="31 Jan 2020 02:49:43 GMT" skipped="0">
  <testcase classname="testCases.BroadbandMapTestCases" name="TC001" time="18.173"/>
  <testcase classname="testCases.BroadbandMapTestCases" name="TC001" time="17.748"/>
  <testcase classname="testCases.BroadbandMapTestCases" name="TC001" time="19.053"/>
</testsuite> <!-- testCases.BroadbandMapTestCases -->
