<?xml version="1.0" encoding="UTF-8"?>
<!-- Generated by org.testng.reporters.JUnitReportReporter -->
<testsuite skipped="0" hostname="MJ_ALIENWARE" name="testCases.BroadbandMapTestCases" tests="3" failures="0" timestamp="31 Jan 2020 09:17:26 GMT" time="56.673" errors="0">
  <testcase name="TC001" time="22.091" classname="testCases.BroadbandMapTestCases"/>
  <testcase name="TC001" time="17.445" classname="testCases.BroadbandMapTestCases"/>
  <testcase name="TC001" time="17.137" classname="testCases.BroadbandMapTestCases"/>
</testsuite> <!-- testCases.BroadbandMapTestCases -->
