<?xml version="1.0" encoding="UTF-8"?>
<!-- Generated by org.testng.reporters.JUnitReportReporter -->
<testsuite skipped="0" hostname="MJ_ALIENWARE" name="testCases.BroadbandMapTestCases" tests="3" failures="0" timestamp="31 Jan 2020 10:39:11 GMT" time="65.627" errors="0">
  <testcase name="TC001_CheckServiceAvailability" time="25.414" classname="testCases.BroadbandMapTestCases"/>
  <testcase name="TC001_CheckServiceAvailability" time="22.804" classname="testCases.BroadbandMapTestCases"/>
  <testcase name="TC001_CheckServiceAvailability" time="17.409" classname="testCases.BroadbandMapTestCases"/>
</testsuite> <!-- testCases.BroadbandMapTestCases -->
