<?xml version="1.0" encoding="UTF-8"?>
<!-- Generated by org.testng.reporters.JUnitReportReporter -->
<testsuite hostname="NZAKLLP40" failures="0" tests="3" name="testCases.BroadbandMapTestCases" time="61.630" errors="0" timestamp="31 Jan 2020 04:03:21 GMT" skipped="0">
  <testcase classname="testCases.BroadbandMapTestCases" name="TC001" time="20.757"/>
  <testcase classname="testCases.BroadbandMapTestCases" name="TC001" time="20.989"/>
  <testcase classname="testCases.BroadbandMapTestCases" name="TC001" time="19.884"/>
</testsuite> <!-- testCases.BroadbandMapTestCases -->
